2022-12-19 09:50:44,760  INFO BooksApplication:55 - Starting BooksApplication using Java 1.8.0_131 on DESKTOP-B05T7K3 with PID 21664 (D:\JavaSenior\books-master\target\classes started by Administrator in D:\JavaSenior\books-master)
2022-12-19 09:50:44,769  INFO BooksApplication:659 - No active profile set, falling back to default profiles: default
2022-12-19 09:50:44,859  INFO DevToolsPropertyDefaultsPostProcessor:255 - Devtools property defaults active! Set 'spring.devtools.add-properties' to 'false' to disable
2022-12-19 09:50:44,860  INFO DevToolsPropertyDefaultsPostProcessor:255 - For additional web related logging consider setting the 'logging.level.web' property to 'DEBUG'
2022-12-19 09:50:47,501  INFO TomcatWebServer:108 - Tomcat initialized with port(s): 8080 (http)
2022-12-19 09:50:47,621  INFO ServletWebServerApplicationContext:290 - Root WebApplicationContext: initialization completed in 2760 ms
2022-12-19 09:50:49,450  INFO WelcomePageHandlerMapping:53 - Adding welcome page: class path resource [static/index.html]
2022-12-19 09:50:49,638  INFO OptionalLiveReloadServer:58 - LiveReload server is running on port 35729
2022-12-19 09:50:49,689  INFO DispatcherServlet:525 - Initializing Servlet 'dispatcherServlet'
2022-12-19 09:50:49,690  INFO DispatcherServlet:547 - Completed initialization in 0 ms
2022-12-19 09:50:49,691  INFO TomcatWebServer:220 - Tomcat started on port(s): 8080 (http) with context path ''
2022-12-19 09:50:49,700  INFO BooksApplication:61 - Started BooksApplication in 6.132 seconds (JVM running for 10.439)
2022-12-19 09:51:11,135  INFO DruidDataSource:1002 - {dataSource-1} inited
2022-12-19 09:51:12,180  INFO UserController:88 - 登录登录成功
2022-12-19 09:56:02,815  INFO DruidDataSource:1885 - {dataSource-1} closing ...
2022-12-19 09:56:02,920  INFO DruidDataSource:1955 - {dataSource-1} closed
2022-12-19 09:56:07,168  INFO BooksApplication:55 - Starting BooksApplication using Java 1.8.0_131 on DESKTOP-B05T7K3 with PID 25744 (D:\JavaSenior\books-master\target\classes started by Administrator in D:\JavaSenior\books-master)
2022-12-19 09:56:07,170  INFO BooksApplication:659 - No active profile set, falling back to default profiles: default
2022-12-19 09:56:07,220  INFO DevToolsPropertyDefaultsPostProcessor:255 - Devtools property defaults active! Set 'spring.devtools.add-properties' to 'false' to disable
2022-12-19 09:56:07,221  INFO DevToolsPropertyDefaultsPostProcessor:255 - For additional web related logging consider setting the 'logging.level.web' property to 'DEBUG'
2022-12-19 09:56:08,264  INFO TomcatWebServer:108 - Tomcat initialized with port(s): 8080 (http)
2022-12-19 09:56:08,368  INFO ServletWebServerApplicationContext:290 - Root WebApplicationContext: initialization completed in 1146 ms
2022-12-19 09:56:10,084  INFO WelcomePageHandlerMapping:53 - Adding welcome page: class path resource [static/index.html]
2022-12-19 09:56:10,437  INFO OptionalLiveReloadServer:58 - LiveReload server is running on port 35729
2022-12-19 09:56:10,472  INFO DispatcherServlet:525 - Initializing Servlet 'dispatcherServlet'
2022-12-19 09:56:10,473  INFO DispatcherServlet:547 - Completed initialization in 0 ms
2022-12-19 09:56:10,474  INFO TomcatWebServer:220 - Tomcat started on port(s): 8080 (http) with context path ''
2022-12-19 09:56:10,483  INFO BooksApplication:61 - Started BooksApplication in 3.637 seconds (JVM running for 5.082)
2022-12-19 09:56:12,898  INFO DruidDataSource:1002 - {dataSource-1} inited
2022-12-19 09:57:27,133  INFO DruidDataSource:1885 - {dataSource-1} closing ...
2022-12-19 09:57:27,141  INFO DruidDataSource:1955 - {dataSource-1} closed
2022-12-19 09:57:31,439  INFO BooksApplication:55 - Starting BooksApplication using Java 1.8.0_131 on DESKTOP-B05T7K3 with PID 28936 (D:\JavaSenior\books-master\target\classes started by Administrator in D:\JavaSenior\books-master)
2022-12-19 09:57:31,441  INFO BooksApplication:659 - No active profile set, falling back to default profiles: default
2022-12-19 09:57:31,477  INFO DevToolsPropertyDefaultsPostProcessor:255 - Devtools property defaults active! Set 'spring.devtools.add-properties' to 'false' to disable
2022-12-19 09:57:31,478  INFO DevToolsPropertyDefaultsPostProcessor:255 - For additional web related logging consider setting the 'logging.level.web' property to 'DEBUG'
2022-12-19 09:57:32,371  INFO TomcatWebServer:108 - Tomcat initialized with port(s): 8080 (http)
2022-12-19 09:57:32,472  INFO ServletWebServerApplicationContext:290 - Root WebApplicationContext: initialization completed in 994 ms
2022-12-19 09:57:33,887  INFO WelcomePageHandlerMapping:53 - Adding welcome page: class path resource [static/index.html]
2022-12-19 09:57:34,042  INFO OptionalLiveReloadServer:58 - LiveReload server is running on port 35729
2022-12-19 09:57:34,073  INFO DispatcherServlet:525 - Initializing Servlet 'dispatcherServlet'
2022-12-19 09:57:34,073  INFO DispatcherServlet:547 - Completed initialization in 0 ms
2022-12-19 09:57:34,074  INFO TomcatWebServer:220 - Tomcat started on port(s): 8080 (http) with context path ''
2022-12-19 09:57:34,083  INFO BooksApplication:61 - Started BooksApplication in 2.9 seconds (JVM running for 4.273)
2022-12-19 09:57:38,568  INFO DruidDataSource:1002 - {dataSource-1} inited
2022-12-19 09:58:07,552  INFO DruidDataSource:1885 - {dataSource-1} closing ...
2022-12-19 09:58:07,579  INFO DruidDataSource:1955 - {dataSource-1} closed
2022-12-19 10:15:10,295  INFO BooksApplication:55 - Starting BooksApplication using Java 1.8.0_131 on DESKTOP-B05T7K3 with PID 27672 (D:\JavaSenior\books-master\target\classes started by Administrator in D:\JavaSenior\books-master)
2022-12-19 10:15:10,297  INFO BooksApplication:659 - No active profile set, falling back to default profiles: default
2022-12-19 10:15:10,334  INFO DevToolsPropertyDefaultsPostProcessor:255 - Devtools property defaults active! Set 'spring.devtools.add-properties' to 'false' to disable
2022-12-19 10:15:10,334  INFO DevToolsPropertyDefaultsPostProcessor:255 - For additional web related logging consider setting the 'logging.level.web' property to 'DEBUG'
2022-12-19 10:15:11,256  INFO TomcatWebServer:108 - Tomcat initialized with port(s): 8080 (http)
2022-12-19 10:15:11,361  INFO ServletWebServerApplicationContext:290 - Root WebApplicationContext: initialization completed in 1027 ms
2022-12-19 10:15:12,693  INFO WelcomePageHandlerMapping:53 - Adding welcome page: class path resource [static/index.html]
2022-12-19 10:15:12,844  INFO OptionalLiveReloadServer:58 - LiveReload server is running on port 35729
2022-12-19 10:15:12,877  INFO DispatcherServlet:525 - Initializing Servlet 'dispatcherServlet'
2022-12-19 10:15:12,878  INFO DispatcherServlet:547 - Completed initialization in 0 ms
2022-12-19 10:15:12,879  INFO TomcatWebServer:220 - Tomcat started on port(s): 8080 (http) with context path ''
2022-12-19 10:15:12,888  INFO BooksApplication:61 - Started BooksApplication in 2.889 seconds (JVM running for 4.081)
2022-12-19 10:15:14,378  INFO DruidDataSource:1002 - {dataSource-1} inited
2022-12-19 10:19:53,040  INFO DruidDataSource:1885 - {dataSource-1} closing ...
2022-12-19 10:19:53,048  INFO DruidDataSource:1955 - {dataSource-1} closed
2022-12-19 10:19:58,320  INFO BooksApplication:55 - Starting BooksApplication using Java 1.8.0_131 on DESKTOP-B05T7K3 with PID 10068 (D:\JavaSenior\books-master\target\classes started by Administrator in D:\JavaSenior\books-master)
2022-12-19 10:19:58,322  INFO BooksApplication:659 - No active profile set, falling back to default profiles: default
2022-12-19 10:19:58,364  INFO DevToolsPropertyDefaultsPostProcessor:255 - Devtools property defaults active! Set 'spring.devtools.add-properties' to 'false' to disable
2022-12-19 10:19:58,365  INFO DevToolsPropertyDefaultsPostProcessor:255 - For additional web related logging consider setting the 'logging.level.web' property to 'DEBUG'
2022-12-19 10:19:59,625  INFO TomcatWebServer:108 - Tomcat initialized with port(s): 8080 (http)
2022-12-19 10:19:59,756  INFO ServletWebServerApplicationContext:290 - Root WebApplicationContext: initialization completed in 1391 ms
2022-12-19 10:20:01,043  INFO WelcomePageHandlerMapping:53 - Adding welcome page: class path resource [static/index.html]
2022-12-19 10:20:01,203  INFO OptionalLiveReloadServer:58 - LiveReload server is running on port 35729
2022-12-19 10:20:01,236  INFO DispatcherServlet:525 - Initializing Servlet 'dispatcherServlet'
2022-12-19 10:20:01,237  INFO DispatcherServlet:547 - Completed initialization in 0 ms
2022-12-19 10:20:01,238  INFO TomcatWebServer:220 - Tomcat started on port(s): 8080 (http) with context path ''
2022-12-19 10:20:01,247  INFO BooksApplication:61 - Started BooksApplication in 3.201 seconds (JVM running for 4.451)
2022-12-19 10:20:31,896  INFO DruidDataSource:1002 - {dataSource-1} inited
2022-12-19 10:20:32,044  INFO UserServiceImpl:108 - userMapper.findByUsername(username)---->0
2022-12-19 10:20:32,048  INFO UserController:61 - i的值0
2022-12-19 10:20:42,667  INFO UserController:88 - 登录登录成功
2022-12-19 10:22:28,267  INFO DruidDataSource:1885 - {dataSource-1} closing ...
2022-12-19 10:22:28,275  INFO DruidDataSource:1955 - {dataSource-1} closed
